2023-12-14T12:12:25.924+05:30  INFO 35686 --- [http-nio-8070-exec-7] e.academia.controller.StudentController  : Logging at getAllStudent INFO level
2023-12-14T12:12:25.925+05:30  WARN 35686 --- [http-nio-8070-exec-7] e.academia.controller.StudentController  : Logging at getAllStudent WARN level
2023-12-14T12:12:25.925+05:30 ERROR 35686 --- [http-nio-8070-exec-7] e.academia.controller.StudentController  : Logging at getAllStudent ERROR level
2023-12-14T12:15:17.574+05:30  INFO 35686 --- [http-nio-8070-exec-2] e.academia.controller.StudentController  : Logging at addStudent INFO level
2023-12-14T12:15:17.574+05:30  WARN 35686 --- [http-nio-8070-exec-2] e.academia.controller.StudentController  : Logging at addStudent WARN level
2023-12-14T12:15:17.575+05:30 ERROR 35686 --- [http-nio-8070-exec-2] e.academia.controller.StudentController  : Logging at addStudent ERROR level
2023-12-14T12:19:18.306+05:30  INFO 35686 --- [http-nio-8070-exec-4] e.academia.controller.StudentController  : Logging at addStudent INFO level
2023-12-14T12:19:18.307+05:30  WARN 35686 --- [http-nio-8070-exec-4] e.academia.controller.StudentController  : Logging at addStudent WARN level
2023-12-14T12:19:18.307+05:30 ERROR 35686 --- [http-nio-8070-exec-4] e.academia.controller.StudentController  : Logging at addStudent ERROR level
2023-12-14T12:21:45.808+05:30  INFO 35686 --- [http-nio-8070-exec-7] e.academia.controller.StudentController  : Logging at addStudent INFO level
2023-12-14T12:21:45.809+05:30  WARN 35686 --- [http-nio-8070-exec-7] e.academia.controller.StudentController  : Logging at addStudent WARN level
2023-12-14T12:21:45.809+05:30 ERROR 35686 --- [http-nio-8070-exec-7] e.academia.controller.StudentController  : Logging at addStudent ERROR level
2023-12-14T12:28:31.702+05:30  INFO 35686 --- [http-nio-8070-exec-10] e.academia.controller.StudentController  : Logging at addStudent INFO level
2023-12-14T12:28:31.703+05:30  WARN 35686 --- [http-nio-8070-exec-10] e.academia.controller.StudentController  : Logging at addStudent WARN level
2023-12-14T12:28:31.703+05:30 ERROR 35686 --- [http-nio-8070-exec-10] e.academia.controller.StudentController  : Logging at addStudent ERROR level
2023-12-14T12:28:35.529+05:30  INFO 35686 --- [http-nio-8070-exec-1] e.academia.controller.StudentController  : Logging at getAllStudent INFO level
2023-12-14T12:28:35.530+05:30  WARN 35686 --- [http-nio-8070-exec-1] e.academia.controller.StudentController  : Logging at getAllStudent WARN level
2023-12-14T12:28:35.530+05:30 ERROR 35686 --- [http-nio-8070-exec-1] e.academia.controller.StudentController  : Logging at getAllStudent ERROR level
2023-12-14T12:29:40.824+05:30  WARN 35686 --- [http-nio-8070-exec-5] .w.s.m.s.DefaultHandlerExceptionResolver : Resolved [org.springframework.http.converter.HttpMessageNotReadableException: Required request body is missing: public org.springframework.http.ResponseEntity<java.lang.String> esd.academia.controller.StudentController.deleteCourse(long)]
2023-12-14T12:30:38.744+05:30  WARN 35686 --- [http-nio-8070-exec-8] .w.s.m.s.DefaultHandlerExceptionResolver : Resolved [org.springframework.http.converter.HttpMessageNotReadableException: Required request body is missing: public org.springframework.http.ResponseEntity<java.lang.String> esd.academia.controller.StudentController.deleteCourse(long)]
2023-12-14T12:31:12.134+05:30  WARN 35686 --- [http-nio-8070-exec-9] .w.s.m.s.DefaultHandlerExceptionResolver : Resolved [org.springframework.http.converter.HttpMessageNotReadableException: Required request body is missing: public org.springframework.http.ResponseEntity<java.lang.String> esd.academia.controller.StudentController.deleteCourse(long)]
2023-12-14T12:34:24.408+05:30  WARN 35686 --- [http-nio-8070-exec-10] .w.s.m.s.DefaultHandlerExceptionResolver : Resolved [org.springframework.http.converter.HttpMessageNotReadableException: Required request body is missing: public org.springframework.http.ResponseEntity<java.lang.String> esd.academia.controller.StudentController.deleteCourse(long)]
2023-12-14T12:34:45.441+05:30  INFO 35686 --- [SpringApplicationShutdownHook] j.LocalContainerEntityManagerFactoryBean : Closing JPA EntityManagerFactory for persistence unit 'default'
2023-12-14T12:34:45.444+05:30  INFO 35686 --- [SpringApplicationShutdownHook] com.zaxxer.hikari.HikariDataSource       : HikariPool-1 - Shutdown initiated...
2023-12-14T12:34:45.452+05:30  INFO 35686 --- [SpringApplicationShutdownHook] com.zaxxer.hikari.HikariDataSource       : HikariPool-1 - Shutdown completed.
2023-12-14T12:34:54.371+05:30  INFO 47145 --- [main] e.a.Controller.FacultyControllerTest     : Starting FacultyControllerTest using Java 17.0.9 with PID 47145 (started by shubhanshu in /home/shubhanshu/Desktop/College/Spe/final/backend)
2023-12-14T12:34:54.373+05:30  INFO 47145 --- [main] e.a.Controller.FacultyControllerTest     : No active profile set, falling back to 1 default profile: "default"
2023-12-14T12:34:56.142+05:30  INFO 47145 --- [main] o.s.b.t.m.w.SpringBootMockServletContext : Initializing Spring TestDispatcherServlet ''
2023-12-14T12:34:56.143+05:30  INFO 47145 --- [main] o.s.t.web.servlet.TestDispatcherServlet  : Initializing Servlet ''
2023-12-14T12:34:56.144+05:30  INFO 47145 --- [main] o.s.t.web.servlet.TestDispatcherServlet  : Completed initialization in 1 ms
2023-12-14T12:34:56.167+05:30  INFO 47145 --- [main] e.a.Controller.FacultyControllerTest     : Started FacultyControllerTest in 2.12 seconds (process running for 3.067)
2023-12-14T12:34:56.457+05:30  INFO 47145 --- [main] t.c.s.AnnotationConfigContextLoaderUtils : Could not detect default configuration classes for test class [esd.academia.AcademiaaApplicationTests]: AcademiaaApplicationTests does not declare any static, non-private, non-final, nested classes annotated with @Configuration.
2023-12-14T12:34:56.469+05:30  INFO 47145 --- [main] .b.t.c.SpringBootTestContextBootstrapper : Found @SpringBootConfiguration esd.academia.AcademiaaApplication for test class esd.academia.AcademiaaApplicationTests
2023-12-14T12:34:56.532+05:30  INFO 47145 --- [main] esd.academia.AcademiaaApplicationTests   : Starting AcademiaaApplicationTests using Java 17.0.9 with PID 47145 (started by shubhanshu in /home/shubhanshu/Desktop/College/Spe/final/backend)
2023-12-14T12:34:56.533+05:30  INFO 47145 --- [main] esd.academia.AcademiaaApplicationTests   : No active profile set, falling back to 1 default profile: "default"
2023-12-14T12:34:56.836+05:30  INFO 47145 --- [main] .s.d.r.c.RepositoryConfigurationDelegate : Bootstrapping Spring Data JPA repositories in DEFAULT mode.
2023-12-14T12:34:56.888+05:30  INFO 47145 --- [main] .s.d.r.c.RepositoryConfigurationDelegate : Finished Spring Data repository scanning in 45 ms. Found 5 JPA repository interfaces.
2023-12-14T12:34:57.165+05:30  INFO 47145 --- [main] o.hibernate.jpa.internal.util.LogHelper  : HHH000204: Processing PersistenceUnitInfo [name: default]
2023-12-14T12:34:57.217+05:30  INFO 47145 --- [main] org.hibernate.Version                    : HHH000412: Hibernate ORM core version 6.3.1.Final
2023-12-14T12:34:57.254+05:30  INFO 47145 --- [main] o.h.c.internal.RegionFactoryInitiator    : HHH000026: Second-level cache disabled
2023-12-14T12:34:57.370+05:30  INFO 47145 --- [main] o.s.o.j.p.SpringPersistenceUnitInfo      : No LoadTimeWeaver setup: ignoring JPA class transformer
2023-12-14T12:34:57.411+05:30  INFO 47145 --- [main] com.zaxxer.hikari.HikariDataSource       : HikariPool-1 - Starting...
2023-12-14T12:34:57.581+05:30  INFO 47145 --- [main] com.zaxxer.hikari.pool.HikariPool        : HikariPool-1 - Added connection com.mysql.cj.jdbc.ConnectionImpl@49bc71b4
2023-12-14T12:34:57.583+05:30  INFO 47145 --- [main] com.zaxxer.hikari.HikariDataSource       : HikariPool-1 - Start completed.
2023-12-14T12:34:57.631+05:30  WARN 47145 --- [main] org.hibernate.orm.deprecation            : HHH90000025: MySQLDialect does not need to be specified explicitly using 'hibernate.dialect' (remove the property setting and it will be selected by default)
2023-12-14T12:34:58.468+05:30  INFO 47145 --- [main] o.h.e.t.j.p.i.JtaPlatformInitiator       : HHH000489: No JTA platform available (set 'hibernate.transaction.jta.platform' to enable JTA platform integration)
2023-12-14T12:34:58.569+05:30  INFO 47145 --- [main] j.LocalContainerEntityManagerFactoryBean : Initialized JPA EntityManagerFactory for persistence unit 'default'
2023-12-14T12:34:58.825+05:30  INFO 47145 --- [main] o.s.d.j.r.query.QueryEnhancerFactory     : Hibernate is in classpath; If applicable, HQL parser will be used.
2023-12-14T12:34:59.103+05:30  WARN 47145 --- [main] JpaBaseConfiguration$JpaWebConfiguration : spring.jpa.open-in-view is enabled by default. Therefore, database queries may be performed during view rendering. Explicitly configure spring.jpa.open-in-view to disable this warning
2023-12-14T12:34:59.306+05:30  INFO 47145 --- [main] esd.academia.AcademiaaApplicationTests   : Started AcademiaaApplicationTests in 2.828 seconds (process running for 6.206)
2023-12-14T12:34:59.330+05:30  INFO 47145 --- [SpringApplicationShutdownHook] j.LocalContainerEntityManagerFactoryBean : Closing JPA EntityManagerFactory for persistence unit 'default'
2023-12-14T12:34:59.332+05:30  INFO 47145 --- [SpringApplicationShutdownHook] com.zaxxer.hikari.HikariDataSource       : HikariPool-1 - Shutdown initiated...
2023-12-14T12:34:59.339+05:30  INFO 47145 --- [SpringApplicationShutdownHook] com.zaxxer.hikari.HikariDataSource       : HikariPool-1 - Shutdown completed.
2023-12-14T12:35:07.658+05:30  INFO 47374 --- [main] esd.academia.AcademiaaApplication        : Starting AcademiaaApplication v0.0.1-SNAPSHOT using Java 17.0.9 with PID 47374 (/home/shubhanshu/Desktop/College/Spe/final/backend/target/academiaa-0.0.1-SNAPSHOT.jar started by shubhanshu in /home/shubhanshu/Desktop/College/Spe/final/backend)
2023-12-14T12:35:07.663+05:30  INFO 47374 --- [main] esd.academia.AcademiaaApplication        : No active profile set, falling back to 1 default profile: "default"
2023-12-14T12:35:08.452+05:30  INFO 47374 --- [main] .s.d.r.c.RepositoryConfigurationDelegate : Bootstrapping Spring Data JPA repositories in DEFAULT mode.
2023-12-14T12:35:08.550+05:30  INFO 47374 --- [main] .s.d.r.c.RepositoryConfigurationDelegate : Finished Spring Data repository scanning in 88 ms. Found 5 JPA repository interfaces.
2023-12-14T12:35:09.092+05:30  INFO 47374 --- [main] o.s.b.w.embedded.tomcat.TomcatWebServer  : Tomcat initialized with port 8070 (http)
2023-12-14T12:35:09.103+05:30  INFO 47374 --- [main] o.apache.catalina.core.StandardService   : Starting service [Tomcat]
2023-12-14T12:35:09.103+05:30  INFO 47374 --- [main] o.apache.catalina.core.StandardEngine    : Starting Servlet engine: [Apache Tomcat/10.1.16]
2023-12-14T12:35:09.147+05:30  INFO 47374 --- [main] o.a.c.c.C.[Tomcat].[localhost].[/]       : Initializing Spring embedded WebApplicationContext
2023-12-14T12:35:09.147+05:30  INFO 47374 --- [main] w.s.c.ServletWebServerApplicationContext : Root WebApplicationContext: initialization completed in 1384 ms
2023-12-14T12:35:09.327+05:30  INFO 47374 --- [main] o.hibernate.jpa.internal.util.LogHelper  : HHH000204: Processing PersistenceUnitInfo [name: default]
2023-12-14T12:35:09.383+05:30  INFO 47374 --- [main] org.hibernate.Version                    : HHH000412: Hibernate ORM core version 6.3.1.Final
2023-12-14T12:35:09.422+05:30  INFO 47374 --- [main] o.h.c.internal.RegionFactoryInitiator    : HHH000026: Second-level cache disabled
2023-12-14T12:35:09.680+05:30  INFO 47374 --- [main] o.s.o.j.p.SpringPersistenceUnitInfo      : No LoadTimeWeaver setup: ignoring JPA class transformer
2023-12-14T12:35:09.706+05:30  INFO 47374 --- [main] com.zaxxer.hikari.HikariDataSource       : HikariPool-1 - Starting...
2023-12-14T12:35:09.878+05:30  INFO 47374 --- [main] com.zaxxer.hikari.pool.HikariPool        : HikariPool-1 - Added connection com.mysql.cj.jdbc.ConnectionImpl@2edb2f8b
2023-12-14T12:35:09.879+05:30  INFO 47374 --- [main] com.zaxxer.hikari.HikariDataSource       : HikariPool-1 - Start completed.
2023-12-14T12:35:09.927+05:30  WARN 47374 --- [main] org.hibernate.orm.deprecation            : HHH90000025: MySQLDialect does not need to be specified explicitly using 'hibernate.dialect' (remove the property setting and it will be selected by default)
2023-12-14T12:35:10.931+05:30  INFO 47374 --- [main] o.h.e.t.j.p.i.JtaPlatformInitiator       : HHH000489: No JTA platform available (set 'hibernate.transaction.jta.platform' to enable JTA platform integration)
2023-12-14T12:35:11.069+05:30  INFO 47374 --- [main] j.LocalContainerEntityManagerFactoryBean : Initialized JPA EntityManagerFactory for persistence unit 'default'
2023-12-14T12:35:11.482+05:30  INFO 47374 --- [main] o.s.d.j.r.query.QueryEnhancerFactory     : Hibernate is in classpath; If applicable, HQL parser will be used.
2023-12-14T12:35:11.580+05:30  WARN 47374 --- [main] JpaBaseConfiguration$JpaWebConfiguration : spring.jpa.open-in-view is enabled by default. Therefore, database queries may be performed during view rendering. Explicitly configure spring.jpa.open-in-view to disable this warning
2023-12-14T12:35:11.957+05:30  INFO 47374 --- [main] o.s.b.w.embedded.tomcat.TomcatWebServer  : Tomcat started on port 8070 (http) with context path ''
2023-12-14T12:35:11.972+05:30  INFO 47374 --- [main] esd.academia.AcademiaaApplication        : Started AcademiaaApplication in 4.987 seconds (process running for 5.487)
2023-12-14T12:35:19.381+05:30  INFO 47374 --- [http-nio-8070-exec-1] o.a.c.c.C.[Tomcat].[localhost].[/]       : Initializing Spring DispatcherServlet 'dispatcherServlet'
2023-12-14T12:35:19.381+05:30  INFO 47374 --- [http-nio-8070-exec-1] o.s.web.servlet.DispatcherServlet        : Initializing Servlet 'dispatcherServlet'
2023-12-14T12:35:19.383+05:30  INFO 47374 --- [http-nio-8070-exec-1] o.s.web.servlet.DispatcherServlet        : Completed initialization in 1 ms
2023-12-14T12:35:19.421+05:30  WARN 47374 --- [http-nio-8070-exec-1] .w.s.m.s.DefaultHandlerExceptionResolver : Resolved [org.springframework.http.converter.HttpMessageNotReadableException: Required request body is missing: public org.springframework.http.ResponseEntity<java.lang.String> esd.academia.controller.StudentController.deleteCourse(java.lang.Integer)]
2023-12-14T12:38:06.307+05:30  WARN 47374 --- [http-nio-8070-exec-4] .w.s.m.s.DefaultHandlerExceptionResolver : Resolved [org.springframework.http.converter.HttpMessageNotReadableException: Required request body is missing: public org.springframework.http.ResponseEntity<java.lang.String> esd.academia.controller.StudentController.deleteCourse(java.lang.Integer)]
2023-12-14T12:38:15.868+05:30  WARN 47374 --- [http-nio-8070-exec-6] .w.s.m.s.DefaultHandlerExceptionResolver : Resolved [org.springframework.http.converter.HttpMessageNotReadableException: Required request body is missing: public org.springframework.http.ResponseEntity<java.lang.String> esd.academia.controller.StudentController.deleteCourse(java.lang.Integer)]
2023-12-14T12:38:23.754+05:30  WARN 47374 --- [http-nio-8070-exec-7] .w.s.m.s.DefaultHandlerExceptionResolver : Resolved [org.springframework.http.converter.HttpMessageNotReadableException: Required request body is missing: public org.springframework.http.ResponseEntity<java.lang.String> esd.academia.controller.StudentController.deleteCourse(java.lang.Integer)]
2023-12-14T12:39:59.453+05:30  INFO 47374 --- [SpringApplicationShutdownHook] j.LocalContainerEntityManagerFactoryBean : Closing JPA EntityManagerFactory for persistence unit 'default'
2023-12-14T12:39:59.456+05:30  INFO 47374 --- [SpringApplicationShutdownHook] com.zaxxer.hikari.HikariDataSource       : HikariPool-1 - Shutdown initiated...
2023-12-14T12:39:59.463+05:30  INFO 47374 --- [SpringApplicationShutdownHook] com.zaxxer.hikari.HikariDataSource       : HikariPool-1 - Shutdown completed.
2023-12-14T12:40:06.057+05:30  INFO 49454 --- [main] e.a.Controller.FacultyControllerTest     : Starting FacultyControllerTest using Java 17.0.9 with PID 49454 (started by shubhanshu in /home/shubhanshu/Desktop/College/Spe/final/backend)
2023-12-14T12:40:06.059+05:30  INFO 49454 --- [main] e.a.Controller.FacultyControllerTest     : No active profile set, falling back to 1 default profile: "default"
2023-12-14T12:40:07.833+05:30  INFO 49454 --- [main] o.s.b.t.m.w.SpringBootMockServletContext : Initializing Spring TestDispatcherServlet ''
2023-12-14T12:40:07.834+05:30  INFO 49454 --- [main] o.s.t.web.servlet.TestDispatcherServlet  : Initializing Servlet ''
2023-12-14T12:40:07.836+05:30  INFO 49454 --- [main] o.s.t.web.servlet.TestDispatcherServlet  : Completed initialization in 2 ms
2023-12-14T12:40:07.859+05:30  INFO 49454 --- [main] e.a.Controller.FacultyControllerTest     : Started FacultyControllerTest in 2.126 seconds (process running for 3.034)
2023-12-14T12:40:08.128+05:30  INFO 49454 --- [main] t.c.s.AnnotationConfigContextLoaderUtils : Could not detect default configuration classes for test class [esd.academia.AcademiaaApplicationTests]: AcademiaaApplicationTests does not declare any static, non-private, non-final, nested classes annotated with @Configuration.
2023-12-14T12:40:08.141+05:30  INFO 49454 --- [main] .b.t.c.SpringBootTestContextBootstrapper : Found @SpringBootConfiguration esd.academia.AcademiaaApplication for test class esd.academia.AcademiaaApplicationTests
2023-12-14T12:40:08.196+05:30  INFO 49454 --- [main] esd.academia.AcademiaaApplicationTests   : Starting AcademiaaApplicationTests using Java 17.0.9 with PID 49454 (started by shubhanshu in /home/shubhanshu/Desktop/College/Spe/final/backend)
2023-12-14T12:40:08.197+05:30  INFO 49454 --- [main] esd.academia.AcademiaaApplicationTests   : No active profile set, falling back to 1 default profile: "default"
2023-12-14T12:40:08.518+05:30  INFO 49454 --- [main] .s.d.r.c.RepositoryConfigurationDelegate : Bootstrapping Spring Data JPA repositories in DEFAULT mode.
2023-12-14T12:40:08.574+05:30  INFO 49454 --- [main] .s.d.r.c.RepositoryConfigurationDelegate : Finished Spring Data repository scanning in 49 ms. Found 5 JPA repository interfaces.
2023-12-14T12:40:08.868+05:30  INFO 49454 --- [main] o.hibernate.jpa.internal.util.LogHelper  : HHH000204: Processing PersistenceUnitInfo [name: default]
2023-12-14T12:40:08.929+05:30  INFO 49454 --- [main] org.hibernate.Version                    : HHH000412: Hibernate ORM core version 6.3.1.Final
2023-12-14T12:40:08.970+05:30  INFO 49454 --- [main] o.h.c.internal.RegionFactoryInitiator    : HHH000026: Second-level cache disabled
2023-12-14T12:40:09.101+05:30  INFO 49454 --- [main] o.s.o.j.p.SpringPersistenceUnitInfo      : No LoadTimeWeaver setup: ignoring JPA class transformer
2023-12-14T12:40:09.131+05:30  INFO 49454 --- [main] com.zaxxer.hikari.HikariDataSource       : HikariPool-1 - Starting...
2023-12-14T12:40:09.325+05:30  INFO 49454 --- [main] com.zaxxer.hikari.pool.HikariPool        : HikariPool-1 - Added connection com.mysql.cj.jdbc.ConnectionImpl@49bc71b4
2023-12-14T12:40:09.327+05:30  INFO 49454 --- [main] com.zaxxer.hikari.HikariDataSource       : HikariPool-1 - Start completed.
2023-12-14T12:40:09.379+05:30  WARN 49454 --- [main] org.hibernate.orm.deprecation            : HHH90000025: MySQLDialect does not need to be specified explicitly using 'hibernate.dialect' (remove the property setting and it will be selected by default)
2023-12-14T12:40:10.193+05:30  INFO 49454 --- [main] o.h.e.t.j.p.i.JtaPlatformInitiator       : HHH000489: No JTA platform available (set 'hibernate.transaction.jta.platform' to enable JTA platform integration)
2023-12-14T12:40:10.303+05:30  INFO 49454 --- [main] j.LocalContainerEntityManagerFactoryBean : Initialized JPA EntityManagerFactory for persistence unit 'default'
2023-12-14T12:40:10.555+05:30  INFO 49454 --- [main] o.s.d.j.r.query.QueryEnhancerFactory     : Hibernate is in classpath; If applicable, HQL parser will be used.
2023-12-14T12:40:10.865+05:30  WARN 49454 --- [main] JpaBaseConfiguration$JpaWebConfiguration : spring.jpa.open-in-view is enabled by default. Therefore, database queries may be performed during view rendering. Explicitly configure spring.jpa.open-in-view to disable this warning
2023-12-14T12:40:11.109+05:30  INFO 49454 --- [main] esd.academia.AcademiaaApplicationTests   : Started AcademiaaApplicationTests in 2.957 seconds (process running for 6.283)
2023-12-14T12:40:11.138+05:30  INFO 49454 --- [SpringApplicationShutdownHook] j.LocalContainerEntityManagerFactoryBean : Closing JPA EntityManagerFactory for persistence unit 'default'
2023-12-14T12:40:11.140+05:30  INFO 49454 --- [SpringApplicationShutdownHook] com.zaxxer.hikari.HikariDataSource       : HikariPool-1 - Shutdown initiated...
2023-12-14T12:40:11.148+05:30  INFO 49454 --- [SpringApplicationShutdownHook] com.zaxxer.hikari.HikariDataSource       : HikariPool-1 - Shutdown completed.
2023-12-14T12:40:14.705+05:30  INFO 49615 --- [main] esd.academia.AcademiaaApplication        : Starting AcademiaaApplication v0.0.1-SNAPSHOT using Java 17.0.9 with PID 49615 (/home/shubhanshu/Desktop/College/Spe/final/backend/target/academiaa-0.0.1-SNAPSHOT.jar started by shubhanshu in /home/shubhanshu/Desktop/College/Spe/final/backend)
2023-12-14T12:40:14.709+05:30  INFO 49615 --- [main] esd.academia.AcademiaaApplication        : No active profile set, falling back to 1 default profile: "default"
2023-12-14T12:40:15.465+05:30  INFO 49615 --- [main] .s.d.r.c.RepositoryConfigurationDelegate : Bootstrapping Spring Data JPA repositories in DEFAULT mode.
2023-12-14T12:40:15.559+05:30  INFO 49615 --- [main] .s.d.r.c.RepositoryConfigurationDelegate : Finished Spring Data repository scanning in 84 ms. Found 5 JPA repository interfaces.
2023-12-14T12:40:16.109+05:30  INFO 49615 --- [main] o.s.b.w.embedded.tomcat.TomcatWebServer  : Tomcat initialized with port 8070 (http)
2023-12-14T12:40:16.120+05:30  INFO 49615 --- [main] o.apache.catalina.core.StandardService   : Starting service [Tomcat]
2023-12-14T12:40:16.120+05:30  INFO 49615 --- [main] o.apache.catalina.core.StandardEngine    : Starting Servlet engine: [Apache Tomcat/10.1.16]
2023-12-14T12:40:16.168+05:30  INFO 49615 --- [main] o.a.c.c.C.[Tomcat].[localhost].[/]       : Initializing Spring embedded WebApplicationContext
2023-12-14T12:40:16.168+05:30  INFO 49615 --- [main] w.s.c.ServletWebServerApplicationContext : Root WebApplicationContext: initialization completed in 1363 ms
2023-12-14T12:40:16.377+05:30  INFO 49615 --- [main] o.hibernate.jpa.internal.util.LogHelper  : HHH000204: Processing PersistenceUnitInfo [name: default]
2023-12-14T12:40:16.439+05:30  INFO 49615 --- [main] org.hibernate.Version                    : HHH000412: Hibernate ORM core version 6.3.1.Final
2023-12-14T12:40:16.486+05:30  INFO 49615 --- [main] o.h.c.internal.RegionFactoryInitiator    : HHH000026: Second-level cache disabled
2023-12-14T12:40:16.745+05:30  INFO 49615 --- [main] o.s.o.j.p.SpringPersistenceUnitInfo      : No LoadTimeWeaver setup: ignoring JPA class transformer
2023-12-14T12:40:16.772+05:30  INFO 49615 --- [main] com.zaxxer.hikari.HikariDataSource       : HikariPool-1 - Starting...
2023-12-14T12:40:16.969+05:30  INFO 49615 --- [main] com.zaxxer.hikari.pool.HikariPool        : HikariPool-1 - Added connection com.mysql.cj.jdbc.ConnectionImpl@781dbe44
2023-12-14T12:40:16.970+05:30  INFO 49615 --- [main] com.zaxxer.hikari.HikariDataSource       : HikariPool-1 - Start completed.
2023-12-14T12:40:17.021+05:30  WARN 49615 --- [main] org.hibernate.orm.deprecation            : HHH90000025: MySQLDialect does not need to be specified explicitly using 'hibernate.dialect' (remove the property setting and it will be selected by default)
2023-12-14T12:40:17.958+05:30  INFO 49615 --- [main] o.h.e.t.j.p.i.JtaPlatformInitiator       : HHH000489: No JTA platform available (set 'hibernate.transaction.jta.platform' to enable JTA platform integration)
2023-12-14T12:40:18.061+05:30  INFO 49615 --- [main] j.LocalContainerEntityManagerFactoryBean : Initialized JPA EntityManagerFactory for persistence unit 'default'
2023-12-14T12:40:18.429+05:30  INFO 49615 --- [main] o.s.d.j.r.query.QueryEnhancerFactory     : Hibernate is in classpath; If applicable, HQL parser will be used.
2023-12-14T12:40:18.524+05:30  WARN 49615 --- [main] JpaBaseConfiguration$JpaWebConfiguration : spring.jpa.open-in-view is enabled by default. Therefore, database queries may be performed during view rendering. Explicitly configure spring.jpa.open-in-view to disable this warning
2023-12-14T12:40:18.871+05:30  INFO 49615 --- [main] o.s.b.w.embedded.tomcat.TomcatWebServer  : Tomcat started on port 8070 (http) with context path ''
2023-12-14T12:40:18.886+05:30  INFO 49615 --- [main] esd.academia.AcademiaaApplication        : Started AcademiaaApplication in 4.853 seconds (process running for 5.365)
2023-12-14T12:40:23.131+05:30  INFO 49615 --- [http-nio-8070-exec-1] o.a.c.c.C.[Tomcat].[localhost].[/]       : Initializing Spring DispatcherServlet 'dispatcherServlet'
2023-12-14T12:40:23.131+05:30  INFO 49615 --- [http-nio-8070-exec-1] o.s.web.servlet.DispatcherServlet        : Initializing Servlet 'dispatcherServlet'
2023-12-14T12:40:23.133+05:30  INFO 49615 --- [http-nio-8070-exec-1] o.s.web.servlet.DispatcherServlet        : Completed initialization in 0 ms
2023-12-14T12:40:28.515+05:30  INFO 49615 --- [http-nio-8070-exec-3] e.academia.controller.StudentController  : Logging at getAllStudent INFO level
2023-12-14T12:40:28.516+05:30  WARN 49615 --- [http-nio-8070-exec-3] e.academia.controller.StudentController  : Logging at getAllStudent WARN level
2023-12-14T12:40:28.516+05:30 ERROR 49615 --- [http-nio-8070-exec-3] e.academia.controller.StudentController  : Logging at getAllStudent ERROR level
2023-12-14T12:40:39.597+05:30  INFO 49615 --- [SpringApplicationShutdownHook] j.LocalContainerEntityManagerFactoryBean : Closing JPA EntityManagerFactory for persistence unit 'default'
2023-12-14T12:40:39.599+05:30  INFO 49615 --- [SpringApplicationShutdownHook] com.zaxxer.hikari.HikariDataSource       : HikariPool-1 - Shutdown initiated...
2023-12-14T12:40:39.607+05:30  INFO 49615 --- [SpringApplicationShutdownHook] com.zaxxer.hikari.HikariDataSource       : HikariPool-1 - Shutdown completed.
